<?xml version="1.0" encoding="UTF-8"?>
<!-- Generated by org.testng.reporters.JUnitReportReporter -->
<testsuite hostname="LAPTOP-KQ2GILME" failures="0" tests="1" name="com.herokuapp.theinternet.PositiveTest" time="27.113" errors="0" timestamp="2020-09-06T00:03:57 IST" skipped="0">
  <testcase classname="com.herokuapp.theinternet.PositiveTest" name="LoginTest" time="27.113"/>
  <system-out/>
</testsuite> <!-- com.herokuapp.theinternet.PositiveTest -->
