<?xml version="1.0" encoding="UTF-8"?>
<!-- Generated by org.testng.reporters.JUnitReportReporter -->
<testsuite hostname="LAPTOP-KQ2GILME" failures="0" tests="2" name="com.herokuapp.theinternet.NegativeTest" time="93.921" errors="0" timestamp="2020-09-06T16:25:46 IST" skipped="0">
  <testcase classname="com.herokuapp.theinternet.NegativeTest" name="negativeLoginTest" time="49.071"/>
  <system-out/>
  <testcase classname="com.herokuapp.theinternet.NegativeTest" name="negativeLoginTest" time="44.850"/>
  <system-out/>
</testsuite> <!-- com.herokuapp.theinternet.NegativeTest -->
