<?xml version="1.0" encoding="UTF-8"?>
<!-- Generated by org.testng.reporters.JUnitReportReporter -->
<testsuite hostname="LAPTOP-KQ2GILME" failures="0" tests="3" name="com.herokuapp.theinternet.LoginTest" time="73.059" errors="0" timestamp="2020-09-07T13:02:21 IST" skipped="0">
  <testcase classname="com.herokuapp.theinternet.LoginTest" name="PositiveLoginTest" time="28.391"/>
  <system-out/>
  <testcase classname="com.herokuapp.theinternet.LoginTest" name="negativeLoginTest" time="21.465"/>
  <system-out/>
  <testcase classname="com.herokuapp.theinternet.LoginTest" name="negativeLoginTest" time="23.203"/>
  <system-out/>
</testsuite> <!-- com.herokuapp.theinternet.LoginTest -->
